Case #1: 3 0 1 0
Case #2: 4 0 16 0 11 0
Case #3: 699802 199883 899807 0 299964 0 299906 199902 499856 199886 99958 199950 699865 0 99992 0 1099741 0 499918 0
Case #4: 1717 100097 731 100103 1523 100097 1131 100099 1328 100098 0 0 315 100105 105 100105 933 100099 524 100104
Case #5: 95940 0
Case #6: 99991 0 499932 0 1499518 0 1299651 0 699885 0 1099752 0 1699373 0 899826 0 299968 0 1899219 0
Case #7: 0 489268 0 612772 54617 724721 32425 995883 47401 826739 0 346451 0 0 0 181322 84767 983375 44659 918799
Case #8: 251153 0 656314 0 583552 0 740154 0 85411 0 390913 0 762126 0 777402 0 708429 0 496913 0
Case #9: 0 180066 0 629842 87834 1027193 32402 1036565 0 0 0 484700 45676 888081 35203 968960 0 335885 0 771641
Case #10: 804052 0 966025 0 946858 0 286484 0 872415 0 915781 0 710755 0 590297 0 99523 0 447129 0
Case #11: 0 184535 0 540756 23593 1151346 0 821821 0 939972 0 693164 0 364226 0 0 31912 1095841 35043 1028886
Case #12: 428899 0 158099 0 353474 0 263708 0 420469 0 310529 0 405354 0 212798 0 386044 0 64689 0
Case #13: 82491 0 611392 0 602715 0 571490 0 453897 0 347610 0 589188 0 550237 0 521185 0 227822 0
Case #14: 97645 0 484201 0 69298 166943 17164 253405 515386 119731 50001 251914 439928 147945 562229 119330 251455 152566 291691 0
Case #15: 288906 0 866078 0 97640 0 1032745 0 1057650 0 464490 0 623542 0 983593 0 928133 0 767554 0
Case #16: 481249 0 259030 0 93389 0 819332 0 637902 0 383373 0 855984 0 564259 0 769930 0 708706 0
Case #17: 1131755 0 992917 0 565640 0 801563 0 1075711 0 418177 0 255354 0 85976 0 691967 0 901181 0
Case #18: 70026 975438 0 670793 0 384607 0 194542 0 544035 29717 874603 26401 930721 25855 982977 0 0 0 788592
Case #19: 90829 0 187502 330691 206796 258753 40370 395309 109390 383589 222334 151983 237595 328140 271010 314013 80590 171419 51465 303474
Case #20: 4606 767570 0 349742 63212 722976 0 451972 26532 684832 0 545046 0 196503 0 0 33447 624853 25800 737164
Case #21: 710758 0 757577 0 83563 0 482248 0 236494 0 368941 0 801760 0 574474 0 830549 0 651499 0
Case #22: 33780 971355 70023 940038 0 332551 0 739357 0 0 38221 823550 0 626456 0 171307 37902 899673 0 484371
Case #23: 90574 0 264408 0 419721 0 758744 0 818814 0 551422 0 877936 0 851971 0 663697 0 893893 0
Case #24: 596229 0 232768 0 814028 0 84074 0 480287 0 677871 0 358930 0 795581 0 765067 0 725300 0
Case #25: 23074 872637 76065 539032 0 192367 0 0 70280 685377 7821 873026 128032 774141 87661 375306 54774 810431 159847 768988
Case #26: 31780 1091987 0 0 0 180060 53693 904786 0 352795 66328 1062975 50864 1009343 0 519194 57472 793621 0 669165
Case #27: 0 0 41814 700177 0 332059 26021 815038 0 170268 12132 825413 96001 766702 35645 777636 45826 612537 0 489127
Case #28: 736960 0 250751 0 712905 0 614154 0 673089 0 399240 0 85598 0 763095 0 754659 0 524899 0
Case #29: 708172 0 94064 0 797469 0 563131 0 649893 0 780100 0 440725 0 280850 0 811788 0 752944 0
Case #30: 83970 358280 88413 185897 76714 518964 70164 665842 167381 729463 97484 0 219498 649440 59243 795249 134388 751908 223988 512810
Case #31: 0 558697 63021 836859 130928 901380 77145 921841 0 195384 0 0 114267 915041 0 387736 69686 704152 27592 927472
Case #32: 97592 970200 111307 969951 76429 659731 80059 503243 0 173024 0 340608 58789 794949 45305 1008523 0 0 54740 908478
Case #33: 84031 172118 80949 669742 23821 1164222 83790 339939 139329 1075970 67764 970757 88087 0 76151 826842 50940 1089461 82532 506261
Case #34: 446263 0 93097 0 1225082 0 1347919 0 933875 0 613646 0 1421810 0 777526 0 1081743 0 274043 0
Case #35: 1103023 0 970380 0 868842 0 1083576 0 441965 0 593045 0 278041 0 1038888 0 96649 0 733476 0
Case #36: 410611 0 684152 0 1125457 0 909480 0 88907 0 556948 0 1087523 0 1011633 0 797498 0 256107 0
Case #37: 1074682 0 91918 0 270043 0 815845 0 1121272 0 426065 0 915043 0 1003357 0 698334 0 563605 0
Case #38: 65554 514386 95145 193661 60296 640236 80013 368819 122472 718848 144817 704561 149346 701032 52078 752610 0 0 150296 700982
Case #39: 15194 564952 61203 488555 224982 442054 254699 322789 257257 171249 90104 184304 294281 421805 76472 350880 94200 0 38422 557792
Case #40: 0 489677 0 636621 51254 1089451 0 985381 0 877714 0 0 37886 1178591 0 766019 0 177507 0 340448
Case #41: 15396 1156326 56955 1083975 72625 822055 88705 185715 81528 520878 82465 356885 66170 960850 73512 675918 97010 0 152058 1065168
Case #42: 66269 320446 79524 174653 252074 282937 352126 259357 90533 415692 95129 0 30778 417493 259022 152357 123665 390870 273851 0
Case #43: 258133 97113 284670 94352 303188 89094 83365 0 547580 0 249194 0 666262 0 51613 134978 406676 0 205107 120841
Case #44: 551898 0 248258 0 814289 0 925594 0 688578 0 1087439 0 406222 0 1022015 0 1123137 0 82784 0
Case #45: 1169792 0 1099922 0 1225013 0 459111 0 608124 0 1000923 0 747726 0 96999 0 287117 0 878529 0
Case #46: 0 517836 92177 1004187 42351 953983 0 367836 0 643949 0 0 42162 1038496 0 762579 45079 866553 0 191184
Case #47: 102696 276195 141984 264819 194973 210198 243921 143612 167866 262789 93077 0 38682 289545 271999 0 78893 171970 347570 131727
Case #48: 265934 0 96511 0 643015 0 929899 0 807655 0 538924 0 411731 0 732601 0 873468 0 979239 0
Case #49: 257905 0 1021438 0 89353 0 974454 0 557868 0 689484 0 1040655 0 806945 0 414532 0 900426 0
Case #50: 26706 831303 66508 612175 96823 0 78535 175358 67255 818440 78387 332280 67500 478167 62957 741640 94567 818066 162853 715622
