Case #1: 999999980 999999986 999999991 999999995 999999998 1000000000
Case #2: 999999996 999999996 999999997 1000000000
Case #3: Impossible
Case #4: 999999996 999999993 999999997 1000000000
Case #5: Impossible
Case #6: Impossible
Case #7: Impossible
Case #8: 999999990 999999990 999999991 999999993 999999997 999999997 1000000000
Case #9: 999999946 999999956 999999965 999999973 999999980 999999986 999999991 999999995 999999998 1000000000
Case #10: Impossible
Case #11: Impossible
Case #12: 999999991 999999987 999999988 999999989 999999991 999999995 999999993 999999997 1000000000
Case #13: 999999986 999999991 999999995 999999998 1000000000
Case #14: Impossible
Case #15: 999999994 999999991 999999992 999999996 999999997 1000000000
Case #16: Impossible
Case #17: 999999990 999999990 999999990 999999990 999999990 999999991 999999992 999999993 999999995 1000000000
Case #18: 999999992 999999995 999999995 999999993 999999997 1000000000
Case #19: 999999991 999999992 999999994 999999998 1000000000
Case #20: 999999983 999999987 999999988 999999989 999999991 999999993 999999998 1000000000
Case #21: 999999989 999999985 999999988 999999994 999999998 1000000000
Case #22: Impossible
Case #23: 999999990 999999975 999999966 999999963 999999966 999999976 999999985 999999992 999999997 1000000000
Case #24: 999999998 1000000000
Case #25: Impossible
Case #26: Impossible
Case #27: Impossible
Case #28: Impossible
Case #29: Impossible
Case #30: Impossible
